[0.475s] Invoking command in '/home/matsu/ros2_ws/src/mypkg': PYTHONPATH=/home/matsu/ros2_ws/src/mypkg/build/mypkg/prefix_override:/usr/lib/python3/dist-packages/colcon_core/task/python/colcon_distutils_commands:/home/matsu/ros2_ws/src/mypkg/install/mypkg/lib/python3.8/site-packages:${PYTHONPATH} /usr/bin/python3 -W ignore:setup.py install is deprecated setup.py egg_info --egg-base build/mypkg build --build-base /home/matsu/ros2_ws/src/mypkg/build/mypkg/build install --record /home/matsu/ros2_ws/src/mypkg/build/mypkg/install.log --install-scripts $base/lib/mypkg --single-version-externally-managed install_data
[0.584s] running egg_info
[0.584s] writing build/mypkg/mypkg.egg-info/PKG-INFO
[0.587s] writing dependency_links to build/mypkg/mypkg.egg-info/dependency_links.txt
[0.587s] writing entry points to build/mypkg/mypkg.egg-info/entry_points.txt
[0.587s] writing requirements to build/mypkg/mypkg.egg-info/requires.txt
[0.587s] writing top-level names to build/mypkg/mypkg.egg-info/top_level.txt
[0.611s] reading manifest file 'build/mypkg/mypkg.egg-info/SOURCES.txt'
[0.612s] writing manifest file 'build/mypkg/mypkg.egg-info/SOURCES.txt'
[0.612s] running build
[0.612s] running build_py
[0.614s] copying mypkg/listener.py -> /home/matsu/ros2_ws/src/mypkg/build/mypkg/build/lib/mypkg
[0.614s] copying mypkg/talker.py -> /home/matsu/ros2_ws/src/mypkg/build/mypkg/build/lib/mypkg
[0.615s] running install
[0.616s] running install_lib
[0.617s] copying /home/matsu/ros2_ws/src/mypkg/build/mypkg/build/lib/mypkg/listener.py -> /home/matsu/ros2_ws/src/mypkg/install/mypkg/lib/python3.8/site-packages/mypkg
[0.617s] copying /home/matsu/ros2_ws/src/mypkg/build/mypkg/build/lib/mypkg/talker.py -> /home/matsu/ros2_ws/src/mypkg/install/mypkg/lib/python3.8/site-packages/mypkg
[0.618s] byte-compiling /home/matsu/ros2_ws/src/mypkg/install/mypkg/lib/python3.8/site-packages/mypkg/listener.py to listener.cpython-38.pyc
[0.619s]   File "/home/matsu/ros2_ws/src/mypkg/install/mypkg/lib/python3.8/site-packages/mypkg/listener.py", line 9
[0.619s]     def cd(msg)
[0.619s]               ^
[0.619s] SyntaxError: invalid syntax
[0.619s] 
[0.619s] byte-compiling /home/matsu/ros2_ws/src/mypkg/install/mypkg/lib/python3.8/site-packages/mypkg/talker.py to talker.cpython-38.pyc
[0.620s] running install_data
[0.621s] copying package.xml -> /home/matsu/ros2_ws/src/mypkg/install/mypkg/share/mypkg
[0.621s] running install_egg_info
[0.623s] removing '/home/matsu/ros2_ws/src/mypkg/install/mypkg/lib/python3.8/site-packages/mypkg-0.0.0-py3.8.egg-info' (and everything under it)
[0.624s] Copying build/mypkg/mypkg.egg-info to /home/matsu/ros2_ws/src/mypkg/install/mypkg/lib/python3.8/site-packages/mypkg-0.0.0-py3.8.egg-info
[0.626s] running install_scripts
[0.642s] Installing listener script to /home/matsu/ros2_ws/src/mypkg/install/mypkg/lib/mypkg
[0.643s] Installing talker script to /home/matsu/ros2_ws/src/mypkg/install/mypkg/lib/mypkg
[0.643s] writing list of installed files to '/home/matsu/ros2_ws/src/mypkg/build/mypkg/install.log'
[0.656s] Invoked command in '/home/matsu/ros2_ws/src/mypkg' returned '0': PYTHONPATH=/home/matsu/ros2_ws/src/mypkg/build/mypkg/prefix_override:/usr/lib/python3/dist-packages/colcon_core/task/python/colcon_distutils_commands:/home/matsu/ros2_ws/src/mypkg/install/mypkg/lib/python3.8/site-packages:${PYTHONPATH} /usr/bin/python3 -W ignore:setup.py install is deprecated setup.py egg_info --egg-base build/mypkg build --build-base /home/matsu/ros2_ws/src/mypkg/build/mypkg/build install --record /home/matsu/ros2_ws/src/mypkg/build/mypkg/install.log --install-scripts $base/lib/mypkg --single-version-externally-managed install_data
