[0.379s] Invoking command in '/home/matsu/ros2_ws/src/mypkg': PYTHONPATH=/home/matsu/ros2_ws/src/mypkg/build/mypkg/prefix_override:/usr/lib/python3/dist-packages/colcon_core/task/python/colcon_distutils_commands:/home/matsu/ros2_ws/src/mypkg/install/mypkg/lib/python3.8/site-packages:${PYTHONPATH} /usr/bin/python3 -W ignore:setup.py install is deprecated setup.py egg_info --egg-base build/mypkg build --build-base /home/matsu/ros2_ws/src/mypkg/build/mypkg/build install --record /home/matsu/ros2_ws/src/mypkg/build/mypkg/install.log --install-scripts $base/lib/mypkg --single-version-externally-managed install_data
[0.493s] running egg_info
[0.493s] writing build/mypkg/mypkg.egg-info/PKG-INFO
[0.493s] writing dependency_links to build/mypkg/mypkg.egg-info/dependency_links.txt
[0.493s] writing entry points to build/mypkg/mypkg.egg-info/entry_points.txt
[0.494s] writing requirements to build/mypkg/mypkg.egg-info/requires.txt
[0.494s] writing top-level names to build/mypkg/mypkg.egg-info/top_level.txt
[0.515s] reading manifest file 'build/mypkg/mypkg.egg-info/SOURCES.txt'
[0.516s] writing manifest file 'build/mypkg/mypkg.egg-info/SOURCES.txt'
[0.516s] running build
[0.516s] running build_py
[0.516s] running install
[0.517s] running install_lib
[0.517s] byte-compiling /home/matsu/ros2_ws/src/mypkg/install/mypkg/lib/python3.8/site-packages/mypkg/listener.py to listener.cpython-38.pyc
[0.518s] running install_data
[0.518s] copying package.xml -> /home/matsu/ros2_ws/src/mypkg/install/mypkg/share/mypkg
[0.518s]   File "/home/matsu/ros2_ws/src/mypkg/install/mypkg/lib/python3.8/site-packages/mypkg/listener.py", line 9
[0.518s]     def cd(msg)
[0.519s]               ^
[0.519s] SyntaxError: invalid syntax
[0.519s] 
[0.519s] copying launch/talk_listen.launch.py -> /home/matsu/ros2_ws/src/mypkg/install/mypkg/share/mypkg
[0.519s] running install_egg_info
[0.520s] removing '/home/matsu/ros2_ws/src/mypkg/install/mypkg/lib/python3.8/site-packages/mypkg-0.0.0-py3.8.egg-info' (and everything under it)
[0.520s] Copying build/mypkg/mypkg.egg-info to /home/matsu/ros2_ws/src/mypkg/install/mypkg/lib/python3.8/site-packages/mypkg-0.0.0-py3.8.egg-info
[0.521s] running install_scripts
[0.532s] Installing listener script to /home/matsu/ros2_ws/src/mypkg/install/mypkg/lib/mypkg
[0.533s] Installing talker script to /home/matsu/ros2_ws/src/mypkg/install/mypkg/lib/mypkg
[0.533s] writing list of installed files to '/home/matsu/ros2_ws/src/mypkg/build/mypkg/install.log'
[0.547s] Invoked command in '/home/matsu/ros2_ws/src/mypkg' returned '0': PYTHONPATH=/home/matsu/ros2_ws/src/mypkg/build/mypkg/prefix_override:/usr/lib/python3/dist-packages/colcon_core/task/python/colcon_distutils_commands:/home/matsu/ros2_ws/src/mypkg/install/mypkg/lib/python3.8/site-packages:${PYTHONPATH} /usr/bin/python3 -W ignore:setup.py install is deprecated setup.py egg_info --egg-base build/mypkg build --build-base /home/matsu/ros2_ws/src/mypkg/build/mypkg/build install --record /home/matsu/ros2_ws/src/mypkg/build/mypkg/install.log --install-scripts $base/lib/mypkg --single-version-externally-managed install_data
