[0.492s] Invoking command in '/home/matsu/ros2_ws/src/mypkg': PYTHONPATH=/home/matsu/ros2_ws/src/mypkg/build/mypkg/prefix_override:/usr/lib/python3/dist-packages/colcon_core/task/python/colcon_distutils_commands:/home/matsu/ros2_ws/src/mypkg/install/mypkg/lib/python3.8/site-packages:${PYTHONPATH} /usr/bin/python3 -W ignore:setup.py install is deprecated setup.py egg_info --egg-base build/mypkg build --build-base /home/matsu/ros2_ws/src/mypkg/build/mypkg/build install --record /home/matsu/ros2_ws/src/mypkg/build/mypkg/install.log --install-scripts $base/lib/mypkg --single-version-externally-managed install_data
[0.615s] running egg_info
[0.615s] creating build/mypkg/mypkg.egg-info
[0.616s] writing build/mypkg/mypkg.egg-info/PKG-INFO
[0.616s] writing dependency_links to build/mypkg/mypkg.egg-info/dependency_links.txt
[0.616s] writing entry points to build/mypkg/mypkg.egg-info/entry_points.txt
[0.616s] writing requirements to build/mypkg/mypkg.egg-info/requires.txt
[0.616s] writing top-level names to build/mypkg/mypkg.egg-info/top_level.txt
[0.618s] writing manifest file 'build/mypkg/mypkg.egg-info/SOURCES.txt'
[0.637s] reading manifest file 'build/mypkg/mypkg.egg-info/SOURCES.txt'
[0.638s] writing manifest file 'build/mypkg/mypkg.egg-info/SOURCES.txt'
[0.638s] running build
[0.638s] running build_py
[0.638s] creating /home/matsu/ros2_ws/src/mypkg/build/mypkg/build
[0.638s] creating /home/matsu/ros2_ws/src/mypkg/build/mypkg/build/lib
[0.639s] creating /home/matsu/ros2_ws/src/mypkg/build/mypkg/build/lib/mypkg
[0.639s] copying mypkg/talker.py -> /home/matsu/ros2_ws/src/mypkg/build/mypkg/build/lib/mypkg
[0.639s] copying mypkg/__init__.py -> /home/matsu/ros2_ws/src/mypkg/build/mypkg/build/lib/mypkg
[0.639s] running install
[0.639s] running install_lib
[0.640s] creating /home/matsu/ros2_ws/src/mypkg/install/mypkg/lib/python3.8/site-packages/mypkg
[0.640s] copying /home/matsu/ros2_ws/src/mypkg/build/mypkg/build/lib/mypkg/talker.py -> /home/matsu/ros2_ws/src/mypkg/install/mypkg/lib/python3.8/site-packages/mypkg
[0.640s] copying /home/matsu/ros2_ws/src/mypkg/build/mypkg/build/lib/mypkg/__init__.py -> /home/matsu/ros2_ws/src/mypkg/install/mypkg/lib/python3.8/site-packages/mypkg
[0.640s] byte-compiling /home/matsu/ros2_ws/src/mypkg/install/mypkg/lib/python3.8/site-packages/mypkg/talker.py to talker.cpython-38.pyc
[0.642s] byte-compiling /home/matsu/ros2_ws/src/mypkg/install/mypkg/lib/python3.8/site-packages/mypkg/__init__.py to __init__.cpython-38.pyc
[0.642s] running install_data
[0.642s] creating /home/matsu/ros2_ws/src/mypkg/install/mypkg/share/ament_index
[0.643s] creating /home/matsu/ros2_ws/src/mypkg/install/mypkg/share/ament_index/resource_index
[0.643s] creating /home/matsu/ros2_ws/src/mypkg/install/mypkg/share/ament_index/resource_index/packages
[0.643s] copying resource/mypkg -> /home/matsu/ros2_ws/src/mypkg/install/mypkg/share/ament_index/resource_index/packages
[0.643s] copying package.xml -> /home/matsu/ros2_ws/src/mypkg/install/mypkg/share/mypkg
[0.643s] running install_egg_info
[0.644s] Copying build/mypkg/mypkg.egg-info to /home/matsu/ros2_ws/src/mypkg/install/mypkg/lib/python3.8/site-packages/mypkg-0.0.0-py3.8.egg-info
[0.646s] running install_scripts
[0.657s] Installing talker script to /home/matsu/ros2_ws/src/mypkg/install/mypkg/lib/mypkg
[0.657s] writing list of installed files to '/home/matsu/ros2_ws/src/mypkg/build/mypkg/install.log'
[0.672s] Invoked command in '/home/matsu/ros2_ws/src/mypkg' returned '0': PYTHONPATH=/home/matsu/ros2_ws/src/mypkg/build/mypkg/prefix_override:/usr/lib/python3/dist-packages/colcon_core/task/python/colcon_distutils_commands:/home/matsu/ros2_ws/src/mypkg/install/mypkg/lib/python3.8/site-packages:${PYTHONPATH} /usr/bin/python3 -W ignore:setup.py install is deprecated setup.py egg_info --egg-base build/mypkg build --build-base /home/matsu/ros2_ws/src/mypkg/build/mypkg/build install --record /home/matsu/ros2_ws/src/mypkg/build/mypkg/install.log --install-scripts $base/lib/mypkg --single-version-externally-managed install_data
