[0.388s] Invoking command in '/home/matsu/ros2_ws/src/mypkg': PYTHONPATH=/home/matsu/ros2_ws/src/mypkg/build/mypkg/prefix_override:/usr/lib/python3/dist-packages/colcon_core/task/python/colcon_distutils_commands:/home/matsu/ros2_ws/src/mypkg/install/mypkg/lib/python3.8/site-packages:${PYTHONPATH} /usr/bin/python3 -W ignore:setup.py install is deprecated setup.py egg_info --egg-base build/mypkg build --build-base /home/matsu/ros2_ws/src/mypkg/build/mypkg/build install --record /home/matsu/ros2_ws/src/mypkg/build/mypkg/install.log --install-scripts $base/lib/mypkg --single-version-externally-managed install_data
[0.502s] running egg_info
[0.503s] writing build/mypkg/mypkg.egg-info/PKG-INFO
[0.503s] writing dependency_links to build/mypkg/mypkg.egg-info/dependency_links.txt
[0.503s] writing entry points to build/mypkg/mypkg.egg-info/entry_points.txt
[0.503s] writing requirements to build/mypkg/mypkg.egg-info/requires.txt
[0.503s] writing top-level names to build/mypkg/mypkg.egg-info/top_level.txt
[0.525s] reading manifest file 'build/mypkg/mypkg.egg-info/SOURCES.txt'
[0.525s] writing manifest file 'build/mypkg/mypkg.egg-info/SOURCES.txt'
[0.525s] running build
[0.525s] running build_py
[0.525s] copying mypkg/talker.py -> /home/matsu/ros2_ws/src/mypkg/build/mypkg/build/lib/mypkg
[0.526s] running install
[0.526s] running install_lib
[0.527s] copying /home/matsu/ros2_ws/src/mypkg/build/mypkg/build/lib/mypkg/talker.py -> /home/matsu/ros2_ws/src/mypkg/install/mypkg/lib/python3.8/site-packages/mypkg
[0.527s] byte-compiling /home/matsu/ros2_ws/src/mypkg/install/mypkg/lib/python3.8/site-packages/mypkg/talker.py to talker.cpython-38.pyc
[0.528s] running install_data
[0.528s] running install_egg_info
[0.529s] removing '/home/matsu/ros2_ws/src/mypkg/install/mypkg/lib/python3.8/site-packages/mypkg-0.0.0-py3.8.egg-info' (and everything under it)
[0.529s] Copying build/mypkg/mypkg.egg-info to /home/matsu/ros2_ws/src/mypkg/install/mypkg/lib/python3.8/site-packages/mypkg-0.0.0-py3.8.egg-info
[0.530s] running install_scripts
[0.541s] Installing talker script to /home/matsu/ros2_ws/src/mypkg/install/mypkg/lib/mypkg
[0.541s] writing list of installed files to '/home/matsu/ros2_ws/src/mypkg/build/mypkg/install.log'
[0.556s] Invoked command in '/home/matsu/ros2_ws/src/mypkg' returned '0': PYTHONPATH=/home/matsu/ros2_ws/src/mypkg/build/mypkg/prefix_override:/usr/lib/python3/dist-packages/colcon_core/task/python/colcon_distutils_commands:/home/matsu/ros2_ws/src/mypkg/install/mypkg/lib/python3.8/site-packages:${PYTHONPATH} /usr/bin/python3 -W ignore:setup.py install is deprecated setup.py egg_info --egg-base build/mypkg build --build-base /home/matsu/ros2_ws/src/mypkg/build/mypkg/build install --record /home/matsu/ros2_ws/src/mypkg/build/mypkg/install.log --install-scripts $base/lib/mypkg --single-version-externally-managed install_data
